<?xml version="1.0" encoding="UTF-8"?><testsuite errors="0" failures="0" name="com.urbuddi.testcases.LoginTestCase" skipped="0" tests="16" time="93.52" timestamp="2023-10-27 06:39:10"><testcase classname="com.urbuddi.testcases.LoginTestCase" name="Login with invalid creds"/><testcase classname="com.urbuddi.testcases.LoginTestCase" name="Logout from the user account"/><testcase classname="com.urbuddi.testcases.LoginTestCase" name="Login with empty creds"/><testcase classname="com.urbuddi.testcases.LoginTestCase" name="Login with valid username and valid password"/></testsuite>