<?xml version="1.0" encoding="UTF-8"?><testsuite errors="0" failures="0" name="com.urbuddi.testcases.LoginTestCase" skipped="0" tests="16" time="80.99" timestamp="2023-10-27 07:47:44"><testcase classname="com.urbuddi.testcases.LoginTestCase" name="Login with valid username and valid password"/><testcase classname="com.urbuddi.testcases.LoginTestCase" name="Login with invalid creds"/><testcase classname="com.urbuddi.testcases.LoginTestCase" name="Logout from the user account"/><testcase classname="com.urbuddi.testcases.LoginTestCase" name="Login with empty creds"/></testsuite>